<?xml version="1.0" encoding="UTF-8"?>
<testsuite name="com.diego.server.DemoApplicationTests" tests="0" skipped="0" failures="0" errors="0" timestamp="1970-01-01T00:00:00" hostname="DESKTOP-POKVL55" time="0.0">
  <properties/>
  <system-out><![CDATA[17:08:23.985 [Test worker] DEBUG org.springframework.test.context.junit4.SpringJUnit4ClassRunner - SpringJUnit4ClassRunner constructor called with [class com.diego.server.DemoApplicationTests]
17:08:23.993 [Test worker] DEBUG org.springframework.test.context.BootstrapUtils - Instantiating CacheAwareContextLoaderDelegate from class [org.springframework.test.context.cache.DefaultCacheAwareContextLoaderDelegate]
17:08:24.042 [Test worker] DEBUG org.springframework.test.context.BootstrapUtils - Instantiating BootstrapContext using constructor [public org.springframework.test.context.support.DefaultBootstrapContext(java.lang.Class,org.springframework.test.context.CacheAwareContextLoaderDelegate)]
17:08:24.057 [Test worker] DEBUG org.springframework.test.context.BootstrapUtils - Instantiating TestContextBootstrapper for test class [com.diego.server.DemoApplicationTests] from class [org.springframework.test.context.web.WebTestContextBootstrapper]
17:08:24.084 [Test worker] DEBUG org.springframework.test.context.web.WebTestContextBootstrapper - Found explicit ContextLoader class [org.springframework.boot.test.SpringApplicationContextLoader] for context configuration attributes [ContextConfigurationAttributes@7fd0be7d declaringClass = 'com.diego.server.DemoApplicationTests', classes = '{class com.diego.server.MainServer}', locations = '{}', inheritLocations = true, initializers = '{}', inheritInitializers = true, name = [null], contextLoaderClass = 'org.springframework.boot.test.SpringApplicationContextLoader']
17:08:24.125 [Test worker] DEBUG org.springframework.test.context.support.AbstractContextLoader - Did not detect default resource location for test class [com.diego.server.DemoApplicationTests]: class path resource [com/diego/server/DemoApplicationTests-context.xml] does not exist
17:08:24.126 [Test worker] DEBUG org.springframework.test.context.support.AbstractContextLoader - Did not detect default resource location for test class [com.diego.server.DemoApplicationTests]: class path resource [com/diego/server/DemoApplicationTestsContext.groovy] does not exist
17:08:24.126 [Test worker] INFO org.springframework.test.context.support.AbstractContextLoader - Could not detect default resource locations for test class [com.diego.server.DemoApplicationTests]: no resource found for suffixes {-context.xml, Context.groovy}.
17:08:24.129 [Test worker] DEBUG org.springframework.test.context.support.ActiveProfilesUtils - Could not find an 'annotation declaring class' for annotation type [org.springframework.test.context.ActiveProfiles] and class [com.diego.server.DemoApplicationTests]
17:08:24.134 [Test worker] DEBUG org.springframework.test.context.web.WebTestContextBootstrapper - @TestExecutionListeners is not present for class [com.diego.server.DemoApplicationTests]: using defaults.
17:08:24.170 [Test worker] INFO org.springframework.test.context.web.WebTestContextBootstrapper - Loaded default TestExecutionListener class names from location [META-INF/spring.factories]: [org.springframework.test.context.web.ServletTestExecutionListener, org.springframework.test.context.support.DirtiesContextBeforeModesTestExecutionListener, org.springframework.test.context.support.DependencyInjectionTestExecutionListener, org.springframework.test.context.support.DirtiesContextTestExecutionListener, org.springframework.test.context.transaction.TransactionalTestExecutionListener, org.springframework.test.context.jdbc.SqlScriptsTestExecutionListener]
17:08:24.268 [Test worker] INFO org.springframework.test.context.web.WebTestContextBootstrapper - Using TestExecutionListeners: [org.springframework.test.context.web.ServletTestExecutionListener@5b3a1aeb, org.springframework.test.context.support.DirtiesContextBeforeModesTestExecutionListener@1f13bb83, org.springframework.test.context.support.DependencyInjectionTestExecutionListener@73fa6fd3, org.springframework.test.context.support.DirtiesContextTestExecutionListener@494e7730, org.springframework.test.context.transaction.TransactionalTestExecutionListener@42a8c1b0, org.springframework.test.context.jdbc.SqlScriptsTestExecutionListener@40e5b5c5]
17:08:24.281 [Test worker] DEBUG org.springframework.test.annotation.ProfileValueUtils - Retrieved @ProfileValueSourceConfiguration [null] for test class [com.diego.server.DemoApplicationTests]
17:08:24.282 [Test worker] DEBUG org.springframework.test.annotation.ProfileValueUtils - Retrieved ProfileValueSource type [class org.springframework.test.annotation.SystemProfileValueSource] for class [com.diego.server.DemoApplicationTests]
]]></system-out>
  <system-err><![CDATA[]]></system-err>
</testsuite>
